<?xml version="1.0" encoding="utf-8"?>
<!DOCTYPE aspectran PUBLIC "-//ASPECTRAN//DTD Aspectran Configuration 3.0//EN"
                           "http://aspectran.github.io/dtd/aspectran-3.dtd">

<aspectran>

	<settings>
		<setting name="transletNamePattern" value="/ga-dev-test/*"/>
		<setting name="transletInterfaceClass" value="com.aspectran.example.common.MyTranslet"/>
		<setting name="transletImplementationClass" value="com.aspectran.example.common.MyTransletImpl"/>
	</settings>

	<import file="/WEB-INF/aspectran/config/test-properties.xml" profile="dev, prod"/>
	<import file="/WEB-INF/aspectran/config/test-environment.xml" profile="dev, prod"/>
	<import file="/WEB-INF/aspectran/config/test-scheduler.xml" profile="dev, prod"/>
	<import file="/WEB-INF/aspectran/config/test-translets.xml"/>

	<bean id="jspViewDispatcher" class="com.aspectran.web.support.view.JspViewDispatcher">
		<properties>
			<item name="prefix">/WEB-INF/jsp/</item>
			<item name="suffix">.jsp</item>
		</properties>
	</bean>

	<bean id="*" scan="com.aspectran.example.**.*Action" mask="com.aspectran.example.**.*"/>
	
	<bean id="advice.*" scan="com.aspectran.example.**.*Advice" mask="com.aspectran.example.**.*"/>
	
	<bean id="sampleBean" class="com.aspectran.example.sample.SampleBean" scope="request"/>
	
	<bean id="multipartFormDataParser" class="com.aspectran.web.support.multipart.commons.CommonsMultipartFormDataParserFactoryBean">
		<properties>
			<item name="maxRequestSize" value="10M"/>
			<item name="tempDirectoryPath" value=""/>
			<item name="allowedFileExtensions" value=""/>
			<item name="deniedFileExtensions" value=""/>
		</properties>
	</bean>
	
	<aspect id="transletSettings">
		<joinpoint type="translet"/>
		<settings>
			<setting name="characterEncoding" value="utf-8"/>
			<setting name="multipartFormDataParser" value="multipartFormDataParser"/>
			<setting name="viewDispatcher" value="jspViewDispatcher"/>
		</settings>
	</aspect>

	<aspect id="exception1">
		<joinpoint type="translet">
			pointcut: {
				include: {
					translet: "/example/sample/*"
				}
			}
		</joinpoint>
		<exception>
			<catch exception="java.lang.reflect.InvocationTargetException">
				<transform type="transform/xml" contentType="text/xml">
					<echo>
						errorCode: "E0001"
						message: "error occured."
					</echo>
					<echo>
						<item type="map">
							<value name="errorCode">E0001</value>
							<value name="message">error occured.</value>
						</item>
					</echo>
				</transform>
			</catch>
		</exception>
	</aspect>

	<aspect id="sampleAspect">
		<joinpoint type="translet">
			pointcut: {
				+: "/example/sample/*@sample.SampleAction^applyTheAdvice"
				-: "/aaaa*@*^bbb"
			}
		</joinpoint>
		<advice bean="advice.sample.SampleAdvice">
			<before>
				<action method="beforeCountTo10"/>
			</before>
			<after>
				<action method="afterCountTo10"/>
			</after>
		</advice>
	</aspect>

	<aspect id="helloAspect">
		<description>
			대부분의 Translet이 실행될 때마다 환영인사와 작별인사를 합니다.
			Adivce Bean이 Pointcut에 포함되면 재귀호출 현상이 발생하기 때문에
			Pointcur에서 Advice Bean "advice.simplest.SimplestAdvice"을 제외해야 합니다.
		</description>
		<joinpoint type="bean">
			pointcut: {
				+: "/ga-dev-test/**@**.*Action"
				+: "/ga-dev-test/**@**.*Advice"
				+: "/ga-dev-test/**@**.*Bean"
				-: "/ga-dev-test/**@advice.simplest.SimplestAdvice"
			}
		</joinpoint>
		<advice bean="advice.simplest.SimplestAdvice">
			<before>
				<action method="welcome"/>
			</before>
			<after>
				<action method="goodbye"/>
			</after>
		</advice>
	</aspect>

</aspectran>