<?xml version="1.0" encoding="utf-8"?>
<!DOCTYPE aspectran PUBLIC "-//ASPECTRAN//DTD Aspectran Configuration 5.0//EN"
                           "http://aspectran.github.io/dtd/aspectran-5.dtd">

<aspectran>

    <settings>
        <setting name="transletNamePattern" value="/gs-dev-test/scheduler/*.job"/>
    </settings>

    <bean id="defaultScheduler1" class="com.aspectran.scheduler.support.QuartzSchedulerFactoryBean">
        <properties>
            <item type="properties" name="quartzProperties">
                <value name="org.quartz.scheduler.instanceName">AspectranQuartzScheduler</value>
                <value name="org.quartz.scheduler.rmi.export">false</value>
                <value name="org.quartz.scheduler.rmi.proxy">false</value>
                <value name="org.quartz.scheduler.wrapJobExecutionInUserTransaction">false</value>
                <value name="org.quartz.threadPool.class">org.quartz.simpl.SimpleThreadPool</value>
                <value name="org.quartz.threadPool.threadCount">10</value>
                <value name="org.quartz.threadPool.threadPriority">5</value>
                <value name="org.quartz.threadPool.threadsInheritContextClassLoaderOfInitializingThread">true</value>
                <value name="org.quartz.jobStore.misfireThreshold">60000</value>
                <value name="org.quartz.jobStore.class">org.quartz.simpl.RAMJobStore</value>
            </item>
        </properties>
    </bean>

    <bean id="sampleJobAction" class="com.aspectran.example.scheduler.SampleJobAction"/>

    <aspect id="exception2">
        <joinpoint target="translet">
            pointcut: {
                +: /scheduler/*.job
            }
        </joinpoint>
        <exception>
            <thrown type="java.lang.ArithmeticException">
                <transform contentType="text/xml" type="transform/xml">
                    <echo>
                        <item name="error" type="map">
                            <value name="errorCode">E0001</value>
                            <value name="message">error occurred.</value>
                        </item>
                    </echo>
                </transform>
            </thrown>
        </exception>
    </aspect>

<!-- 	
    <aspect id="scheduler0">
        <joinpoint>
            <pointcut type="simple-trigger">
                startDelay: 500
                repeatInterval: 3000
                repeatCount: 10
            </pointcut>
        </joinpoint>
        <advice bean="defaultScheduler1">
            <job translet="/scheduler1/test1.job"/>
            <job translet="/scheduler1/test2.job"/>
        </advice>
    </aspect>
-->
    <schedule id="scheduler1">
        <scheduler bean="defaultScheduler1">
        <trigger type="simple">
            intervalInSeconds: 10
            repeatCount: 10
        </trigger>
        </scheduler>
        <job translet="hello" disabled="false"/>
        <job translet="countTo10" disabled="true"/>
        <job translet="countTo10.xml" disabled="true"/>
    </schedule>

    <schedule id="scheduler2">
        <scheduler bean="defaultScheduler1">
            <trigger type="cron">
                expression: "0/5 * * * * ?"
            </trigger>
        </scheduler>
        <job translet="errorCaused" disabled="true"/>
    </schedule>

    <translet name="hello">
        <request>
            <attributes>
                <item name="my_name_is">aspectran</item>
            </attributes>
        </request>
        <transform type="transform/text">
            <template style="apon">
                |hello~ @{my_name_is}!!
            </template>
        </transform>
    </translet>

    <translet name="countTo10">
        <transform type="transform/text">
            <action id="result1" bean="sampleJobAction" method="countTo10"/>
            <template style="apon">
                |@{result1}
            </template>
        </transform>
    </translet>

    <translet name="countTo10twice">
        <action id="result1" bean="sampleJobAction" method="countTo10"/>
        <action id="result2" bean="sampleJobAction" method="countTo10"/>
        <transform type="transform/text">
            <template style="apon">
                |(first)
                |@{result1}
                |(second)
                |@{result2}
            </template>
        </transform>
    </translet>

    <translet name="countTo10.xml">
        <transform type="transform/xml">
            <action id="result" bean="sampleJobAction" method="countTo10AsArray"/>
        </transform>
    </translet>

    <translet name="countTo10ext">
        <response>
            <transform type="transform/text">
                <action id="result" bean="sampleJobAction" method="countTo10"/>
                <template style="apon">
                    |@{result}
                </template>
            </transform>
        </response>
        <response name=".xml">
            <transform type="transform/xml">
                <action bean="sampleJobAction" method="countTo10AsArray"/>
            </transform>
        </response>
    </translet>

    <translet name="errorCaused">
        <content>
            <action id="result" bean="sampleJobAction" method="errorCaused"/>
        </content>
        <transform type="transform/xml"/>
    </translet>

</aspectran>